<?xml version="1.0" encoding="UTF-8"?>
<testsuite name="Webinar1" tests="1" skipped="0" failures="0" errors="0" timestamp="2022-11-27T17:37:07" hostname="LAPTOP-LL83AM04" time="0.204">
  <properties/>
  <testcase name="testTable" classname="Webinar1" time="0.204"/>
  <system-out><![CDATA[++++++++++ 4
++++++++++ 3
Germany Russia Canada
]]></system-out>
  <system-err><![CDATA[Starting ChromeDriver 107.0.5304.62 (1eec40d3a5764881c92085aaee66d25075c159aa-refs/branch-heads/5304@{#942}) on port 31533
Only local connections are allowed.
Please see https://chromedriver.chromium.org/security-considerations for suggestions on keeping ChromeDriver safe.
ChromeDriver was started successfully.
??? 27, 2022 7:37:07 PM org.openqa.selenium.remote.ProtocolHandshake createSession
INFO: Detected dialect: W3C
]]></system-err>
</testsuite>
