<?xml version="1.0" encoding="UTF-8"?>
<testsuite name="TableTest" tests="1" skipped="0" failures="0" errors="0" timestamp="2022-11-22T18:29:55" hostname="LAPTOP-LL83AM04" time="0.101">
  <properties/>
  <testcase name="tableTestCSS" classname="TableTest" time="0.101"/>
  <system-out><![CDATA[Canada
]]></system-out>
  <system-err><![CDATA[Starting ChromeDriver 107.0.5304.62 (1eec40d3a5764881c92085aaee66d25075c159aa-refs/branch-heads/5304@{#942}) on port 34159
Only local connections are allowed.
Please see https://chromedriver.chromium.org/security-considerations for suggestions on keeping ChromeDriver safe.
ChromeDriver was started successfully.
??? 22, 2022 8:28:41 PM org.openqa.selenium.remote.ProtocolHandshake createSession
INFO: Detected dialect: W3C
]]></system-err>
</testsuite>
